Arguments: 
  C:\Program Files\nodejs\node.exe C:\Users\agnaldo.souto.junior\AppData\Roaming\npm\node_modules\yarn\bin\yarn.js add bcryptjs body-parser express fs jsonwebtoken mongoose nodemailer nodemailer-express-handlebars path

PATH: 
  C:\Program Files (x86)\Common Files\Oracle\Java\javapath;C:\windows\system32;C:\windows;C:\windows\System32\Wbem;C:\windows\System32\WindowsPowerShell\v1.0\;C:\windows\System32\OpenSSH\;C:\Program Files\Intel\WiFi\bin\;C:\Program Files\Common Files\Intel\WirelessCommon\;C:\Program Files\nodejs\;C:\Program Files\Git\cmd;C:\Program Files\Git\mingw64\bin;C:\Program Files\Git\usr\bin;C:\Users\agnaldo.souto.junior\AppData\Local\Programs\Python\Python37-32\Scripts\;C:\Users\agnaldo.souto.junior\AppData\Local\Programs\Python\Python37-32\;C:\Users\agnaldo.souto.junior\AppData\Local\Microsoft\WindowsApps;C:\Users\agnaldo.souto.junior\AppData\Roaming\npm;C:\Users\agnaldo.souto.junior\AppData\Local\Programs\Git\cmd;C:\Users\agnaldo.souto.junior\AppData\Local\Programs\Microsoft VS Code\bin

Yarn version: 
  1.19.1

Node version: 
  10.16.2

Platform: 
  win32 x64

Trace: 
  Error: self signed certificate in certificate chain
      at TLSSocket.onConnectSecure (_tls_wrap.js:1058:34)
      at TLSSocket.emit (events.js:198:13)
      at TLSSocket._finishInit (_tls_wrap.js:636:8)

npm manifest: 
  {
    "name": "curso_node",
    "version": "1.0.0",
    "description": "Curso de NodeJS",
    "main": "index.js",
    "scripts": {
      "test": "echo \"Error: no test specified\" && exit 1"
    },
    "author": "",
    "license": "ISC",
    "dependencies": {
      "bcryptjs": "^2.4.3",
      "body-parser": "^1.19.0",
      "express": "^4.17.1",
      "fs": "0.0.1-security",
      "jsonwebtoken": "^8.5.1",
      "mongoose": "^5.7.7",
      "nodemailer": "^6.3.1",
      "nodemailer-express-handlebars": "^3.1.0",
      "path": "^0.12.7"
    }
  }

yarn manifest: 
  No manifest

Lockfile: 
  No lockfile
